../../../SmartDashboard/ProcessingVision.ilk
../../../SmartDashboard/ProcessingVision.pdb
C:\WindRiver\workspace\dashboard13\SmartCPPSource\SmartDashboard\ProcessingVision.exp
C:\WindRiver\workspace\dashboard13\SmartCPPSource\SmartDashboard\ProcessingVision.lib
C:\WindRiver\workspace\dashboard13\SmartCPPSource\Source\ProcessingVision\../../../SmartDashboard/ProcessingVision.dll
C:\WindRiver\workspace\dashboard13\SmartCPPSource\Source\ProcessingVision\Debug\cl.command.1.tlog
C:\WindRiver\workspace\dashboard13\SmartCPPSource\Source\ProcessingVision\Debug\CL.read.1.tlog
C:\WindRiver\workspace\dashboard13\SmartCPPSource\Source\ProcessingVision\Debug\CL.write.1.tlog
C:\WINDRIVER\WORKSPACE\DASHBOARD13\SMARTCPPSOURCE\SOURCE\PROCESSINGVISION\DEBUG\DLLMAIN.OBJ
C:\WindRiver\workspace\dashboard13\SmartCPPSource\Source\ProcessingVision\Debug\link.3660.read.1.tlog
C:\WindRiver\workspace\dashboard13\SmartCPPSource\Source\ProcessingVision\Debug\link.3660.write.1.tlog
C:\WindRiver\workspace\dashboard13\SmartCPPSource\Source\ProcessingVision\Debug\link.3660-cvtres.read.1.tlog
C:\WindRiver\workspace\dashboard13\SmartCPPSource\Source\ProcessingVision\Debug\link.3660-cvtres.write.1.tlog
C:\WindRiver\workspace\dashboard13\SmartCPPSource\Source\ProcessingVision\Debug\link.command.1.tlog
C:\WindRiver\workspace\dashboard13\SmartCPPSource\Source\ProcessingVision\Debug\link.read.1.tlog
C:\WindRiver\workspace\dashboard13\SmartCPPSource\Source\ProcessingVision\Debug\link.write.1.tlog
C:\WindRiver\workspace\dashboard13\SmartCPPSource\Source\ProcessingVision\Debug\link-cvtres.read.1.tlog
C:\WindRiver\workspace\dashboard13\SmartCPPSource\Source\ProcessingVision\Debug\link-cvtres.write.1.tlog
C:\WindRiver\workspace\dashboard13\SmartCPPSource\Source\ProcessingVision\Debug\mt.command.1.tlog
C:\WindRiver\workspace\dashboard13\SmartCPPSource\Source\ProcessingVision\Debug\mt.read.1.tlog
C:\WindRiver\workspace\dashboard13\SmartCPPSource\Source\ProcessingVision\Debug\mt.write.1.tlog
C:\WINDRIVER\WORKSPACE\DASHBOARD13\SMARTCPPSOURCE\SOURCE\PROCESSINGVISION\DEBUG\NI_VISIONPROCESSING.OBJ
C:\WINDRIVER\WORKSPACE\DASHBOARD13\SMARTCPPSOURCE\SOURCE\PROCESSINGVISION\DEBUG\PIPECONTROL.OBJ
C:\WINDRIVER\WORKSPACE\DASHBOARD13\SMARTCPPSOURCE\SOURCE\PROCESSINGVISION\DEBUG\PROCESSINGVISION.DLL.EMBED.MANIFEST
C:\WINDRIVER\WORKSPACE\DASHBOARD13\SMARTCPPSOURCE\SOURCE\PROCESSINGVISION\DEBUG\PROCESSINGVISION.DLL.EMBED.MANIFEST.RES
C:\WINDRIVER\WORKSPACE\DASHBOARD13\SMARTCPPSOURCE\SOURCE\PROCESSINGVISION\DEBUG\PROCESSINGVISION.DLL.INTERMEDIATE.MANIFEST
C:\WINDRIVER\WORKSPACE\DASHBOARD13\SMARTCPPSOURCE\SOURCE\PROCESSINGVISION\DEBUG\PROCESSINGVISION.OBJ
C:\WINDRIVER\WORKSPACE\DASHBOARD13\SMARTCPPSOURCE\SOURCE\PROCESSINGVISION\DEBUG\PROCESSINGVISION.PCH
C:\WindRiver\workspace\dashboard13\SmartCPPSource\Source\ProcessingVision\Debug\ProcessingVision.write.1.tlog
C:\WindRiver\workspace\dashboard13\SmartCPPSource\Source\ProcessingVision\Debug\ProcessingVision_manifest.rc
C:\WindRiver\workspace\dashboard13\SmartCPPSource\Source\ProcessingVision\Debug\rc.command.1.tlog
C:\WindRiver\workspace\dashboard13\SmartCPPSource\Source\ProcessingVision\Debug\rc.read.1.tlog
C:\WindRiver\workspace\dashboard13\SmartCPPSource\Source\ProcessingVision\Debug\rc.write.1.tlog
C:\WINDRIVER\WORKSPACE\DASHBOARD13\SMARTCPPSOURCE\SOURCE\PROCESSINGVISION\DEBUG\STDAFX.OBJ
C:\WINDRIVER\WORKSPACE\DASHBOARD13\SMARTCPPSOURCE\SOURCE\PROCESSINGVISION\DEBUG\UDP_CLIENT.OBJ
C:\WindRiver\workspace\dashboard13\SmartCPPSource\Source\ProcessingVision\Debug\vc100.idb
C:\WINDRIVER\WORKSPACE\DASHBOARD13\SMARTCPPSOURCE\SOURCE\PROCESSINGVISION\DEBUG\VC100.PDB
C:\WINDRIVER\WORKSPACE\DASHBOARD13\SMARTDASHBOARD\PROCESSINGVISION.DLL
C:\WindRiver\workspace\dashboard13\SmartDashboard\ProcessingVision.exp
C:\WINDRIVER\WORKSPACE\DASHBOARD13\SMARTDASHBOARD\PROCESSINGVISION.ILK
C:\WindRiver\workspace\dashboard13\SmartDashboard\ProcessingVision.lib
C:\WINDRIVER\WORKSPACE\DASHBOARD13\SMARTDASHBOARD\PROCESSINGVISION.PDB
