Build started 1/20/2013 1:45:50 PM.
     1>Project "C:\WindRiver\workspace\dashboard13\SmartCPPSource\Source\ProcessingVision\ProcessingVision.vcxproj" on node 2 (build target(s)).
     1>InitializeBuildStatus:
         Creating "Debug\ProcessingVision.unsuccessfulbuild" because "AlwaysCreate" was specified.
       ClCompile:
         All outputs are up-to-date.
         All outputs are up-to-date.
         c:\Program Files (x86)\Microsoft Visual Studio 10.0\VC\bin\CL.exe /c /ZI /nologo /W3 /WX- /Od /Oy- /D WIN32 /D _DEBUG /D _WINDOWS /D _USRDLL /D PROCESSINGVISION_EXPORTS /D _WINDLL /D _UNICODE /D UNICODE /Gm /EHsc /RTC1 /MDd /GS /fp:precise /Zc:wchar_t /Zc:forScope /Yu"StdAfx.h" /Fp"Debug\ProcessingVision.pch" /Fo"Debug\\" /Fd"Debug\vc100.pdb" /Gd /TP /analyze- /errorReport:prompt PipeControl.cpp
         PipeControl.cpp
     1>c:\windriver\workspace\dashboard13\smartcppsource\source\processingvision\pipecontrol.cpp(61): warning C4995: 'sprintf': name was marked as #pragma deprecated
     1>c:\windriver\workspace\dashboard13\smartcppsource\source\processingvision\pipecontrol.cpp(61): warning C4996: 'sprintf': This function or variable may be unsafe. Consider using sprintf_s instead. To disable deprecation, use _CRT_SECURE_NO_WARNINGS. See online help for details.
                 c:\program files (x86)\microsoft visual studio 10.0\vc\include\stdio.h(371) : see declaration of 'sprintf'
     1>c:\windriver\workspace\dashboard13\smartcppsource\source\processingvision\pipecontrol.cpp(242): warning C4995: 'sprintf': name was marked as #pragma deprecated
     1>c:\windriver\workspace\dashboard13\smartcppsource\source\processingvision\pipecontrol.cpp(242): warning C4996: 'sprintf': This function or variable may be unsafe. Consider using sprintf_s instead. To disable deprecation, use _CRT_SECURE_NO_WARNINGS. See online help for details.
                 c:\program files (x86)\microsoft visual studio 10.0\vc\include\stdio.h(371) : see declaration of 'sprintf'
       ManifestResourceCompile:
         All outputs are up-to-date.
       Link:
         c:\Program Files (x86)\Microsoft Visual Studio 10.0\VC\bin\link.exe /ERRORREPORT:PROMPT /OUT:"../../../SmartDashboard/ProcessingVision.dll" /INCREMENTAL /NOLOGO nivision.lib kernel32.lib user32.lib gdi32.lib winspool.lib comdlg32.lib advapi32.lib shell32.lib ole32.lib oleaut32.lib uuid.lib odbc32.lib odbccp32.lib /MANIFEST /ManifestFile:"Debug\ProcessingVision.dll.intermediate.manifest" /MANIFESTUAC:"level='asInvoker' uiAccess='false'" /DEBUG /PDB:"C:\WindRiver\workspace\dashboard13\SmartDashboard\ProcessingVision.pdb" /SUBSYSTEM:WINDOWS /TLBID:1 /DYNAMICBASE /NXCOMPAT /IMPLIB:"../../../SmartDashboard/ProcessingVision.lib" /MACHINE:X86 /DLL Debug\ProcessingVision.dll.embed.manifest.res
         Debug\dllmain.obj
         Debug\NI_VisionProcessing.obj
         Debug\PipeControl.obj
         Debug\ProcessingVision.obj
         Debug\stdafx.obj
         Debug\UDP_Client.obj
       Manifest:
         C:\Program Files (x86)\Microsoft SDKs\Windows\v7.0A\bin\mt.exe /nologo /verbose /out:"Debug\ProcessingVision.dll.embed.manifest" /manifest Debug\ProcessingVision.dll.intermediate.manifest
         All outputs are up-to-date.
       LinkEmbedManifest:
         All outputs are up-to-date.
         ProcessingVision.vcxproj -> C:\WindRiver\workspace\dashboard13\SmartCPPSource\Source\ProcessingVision\../../../SmartDashboard/ProcessingVision.dll
       FinalizeBuildStatus:
         Deleting file "Debug\ProcessingVision.unsuccessfulbuild".
         Touching "Debug\ProcessingVision.lastbuildstate".
     1>Done Building Project "C:\WindRiver\workspace\dashboard13\SmartCPPSource\Source\ProcessingVision\ProcessingVision.vcxproj" (build target(s)).

Build succeeded.

Time Elapsed 00:00:00.41
